<?xml version="1.0" encoding="utf-8"?><testsuites><testsuite name="pytest" errors="0" failures="0" skipped="0" tests="13" time="0.633" timestamp="2024-02-16T12:33:52.374970" hostname="BOMC9081089.local"><testcase classname="tests.adapters.test_s3_connection_adapter.TestS3ConnectionAdapter" name="test_get_object_exception" time="0.002" /><testcase classname="tests.exception.test_generic_exception" name="test_generic_exception_initialization" time="0.001" /><testcase classname="tests.exception.test_generic_exception" name="test_generic_exception_raising" time="0.000" /><testcase classname="tests.handlers.test_connection_status_handler" name="test_get_connection_status" time="0.001" /><testcase classname="tests.handlers.test_connection_status_handler" name="test_get_connection_status_invalid_parameters" time="0.001" /><testcase classname="tests.handlers.test_connection_status_handler" name="test_get_connection_status_disconnected" time="0.001" /><testcase classname="tests.handlers.test_connection_status_handler" name="test_get_connection_status_not_found" time="0.001" /><testcase classname="tests.handlers.test_connection_status_handler" name="test_get_connection_status_key_error" time="0.001" /><testcase classname="tests.handlers.test_connection_status_handler" name="test_get_connection_status_value_error" time="0.001" /><testcase classname="tests.handlers.test_connection_status_handler" name="test_get_connection_status_unexpected_error" time="0.002" /><testcase classname="tests.services.test_connection_status_service" name="test_get_connection_status_not_connected" time="0.018" /><testcase classname="tests.services.test_connection_status_service" name="test_get_connection_status_Connected" time="0.004" /><testcase classname="tests.services.test_connection_status_service" name="test_get_connection_status_no_match" time="0.002" /></testsuite></testsuites>